2025-10-30 10:17:14,466 - INFO - Iniciando ejecución del pipeline: 20251030_101714
2025-10-30 10:17:14,466 - INFO - Ejecutando validación de datos...
2025-10-30 10:17:14,466 - INFO - Ejecutando procesamiento de datos...
2025-10-30 10:17:14,466 - INFO - Ejecutando enriquecimiento de datos...
2025-10-30 10:17:14,467 - INFO - Ejecutando validación de calidad...
2025-10-30 10:17:14,467 - INFO - Generando reportes...
2025-10-30 10:17:30,343 - INFO - Iniciando ejecución del pipeline: 20251030_101730
2025-10-30 10:17:30,344 - INFO - Ejecutando validación de datos...
2025-10-30 10:17:30,344 - INFO - Ejecutando procesamiento de datos...
2025-10-30 10:17:30,349 - INFO - Ejecutando enriquecimiento de datos...
2025-10-30 10:17:30,349 - INFO - Ejecutando validación de calidad...
2025-10-30 10:17:30,350 - INFO - Generando reportes...
2025-10-30 10:19:07,779 - INFO - Iniciando ejecución del pipeline: 20251030_101907
2025-10-30 10:19:07,779 - INFO - Ejecutando validación de datos...
2025-10-30 10:19:07,780 - INFO - Ejecutando procesamiento de datos...
2025-10-30 10:19:07,780 - INFO - Ejecutando enriquecimiento de datos...
2025-10-30 10:19:07,780 - INFO - Ejecutando validación de calidad...
2025-10-30 10:19:07,781 - INFO - Generando reportes...
2025-10-30 10:26:22,714 - INFO - Iniciando ejecución del pipeline: 20251030_102622
2025-10-30 10:26:22,714 - INFO - Ejecutando validación de datos...
2025-10-30 10:26:22,714 - INFO - Ejecutando procesamiento de datos...
2025-10-30 10:26:22,714 - INFO - Ejecutando enriquecimiento de datos...
2025-10-30 10:26:22,715 - INFO - Ejecutando validación de calidad...
2025-10-30 10:26:22,715 - INFO - Generando reportes...
2025-10-30 10:26:22,716 - INFO - Pipeline completado exitosamente: 20251030_102622
2025-10-30 10:26:41,953 - INFO - Iniciando ejecución del pipeline: 20251030_102641
2025-10-30 10:26:41,954 - INFO - Ejecutando validación de datos...
2025-10-30 10:26:41,954 - INFO - Ejecutando procesamiento de datos...
2025-10-30 10:26:41,954 - INFO - Ejecutando enriquecimiento de datos...
2025-10-30 10:26:41,954 - INFO - Ejecutando validación de calidad...
2025-10-30 10:26:41,955 - INFO - Generando reportes...
2025-10-30 10:26:41,955 - INFO - Pipeline completado exitosamente: 20251030_102641
